{"timestamp": "2025-08-30T16:56:13.227395+00:00", "type": "correlation", "pair": "ETH-BTC", "corr": 0.02945615461164761}
{"timestamp": "2025-08-30T16:56:13.227447+00:00", "type": "correlation", "pair": "ETH-BTC", "corr": 0.02945615461164761}
{"timestamp": "2025-08-30T16:56:14.236049+00:00", "type": "correlation", "pair": "XRP-BTC", "corr": -0.22692606066172816}
{"timestamp": "2025-08-30T16:56:14.236089+00:00", "type": "correlation", "pair": "XRP-BTC", "corr": -0.22692606066172816}
{"timestamp": "2025-08-30T16:56:14.236100+00:00", "type": "correlation", "pair": "XRP-ETH", "corr": -0.03126107927532048}
{"timestamp": "2025-08-30T16:56:15.243811+00:00", "type": "correlation", "pair": "XRP-BTC", "corr": -0.22692606066172816}
{"timestamp": "2025-08-30T16:56:15.243850+00:00", "type": "correlation", "pair": "XRP-BTC", "corr": -0.22692606066172816}
{"timestamp": "2025-08-30T16:56:15.243860+00:00", "type": "correlation", "pair": "XRP-ETH", "corr": -0.03126107927532048}
{"timestamp": "2025-08-30T16:56:18.273501+00:00", "type": "correlation", "pair": "ETH-BTC", "corr": 0.02945615461164761}
{"timestamp": "2025-08-30T16:56:18.273550+00:00", "type": "correlation", "pair": "ETH-BTC", "corr": 0.02945615461164761}
{"timestamp": "2025-08-30T16:56:19.280443+00:00", "type": "correlation", "pair": "XRP-BTC", "corr": -0.22692606066172816}
{"timestamp": "2025-08-30T16:56:19.280499+00:00", "type": "correlation", "pair": "XRP-BTC", "corr": -0.22692606066172816}
{"timestamp": "2025-08-30T16:56:19.280511+00:00", "type": "correlation", "pair": "XRP-ETH", "corr": -0.03126107927532048}
{"timestamp": "2025-08-30T16:56:20.288929+00:00", "type": "correlation", "pair": "XRP-BTC", "corr": -0.22692606066172816}
{"timestamp": "2025-08-30T16:56:20.288982+00:00", "type": "correlation", "pair": "XRP-BTC", "corr": -0.22692606066172816}
{"timestamp": "2025-08-30T16:56:20.288995+00:00", "type": "correlation", "pair": "XRP-ETH", "corr": -0.03126107927532048}
{"timestamp": "2025-08-31T17:29:54.557802+00:00", "type": "correlation", "pair": "XRP-BTC", "corr": -0.068387866561692}
{"timestamp": "2025-08-31T17:29:55.565098+00:00", "type": "correlation", "pair": "LINK-BTC", "corr": -0.3660223747347244}
{"timestamp": "2025-08-31T17:29:55.565131+00:00", "type": "correlation", "pair": "LINK-XRP", "corr": 0.13203143098490394}
{"timestamp": "2025-08-31T17:29:56.567984+00:00", "type": "correlation", "pair": "SOL-BTC", "corr": 0.3860129990604704}
{"timestamp": "2025-08-31T17:29:56.568010+00:00", "type": "correlation", "pair": "SOL-XRP", "corr": 0.15383758093517902}
{"timestamp": "2025-08-31T17:29:56.568018+00:00", "type": "correlation", "pair": "SOL-LINK", "corr": -0.4273354968776362}
{"timestamp": "2025-08-31T17:31:47.206033+00:00", "type": "correlation", "pair": "XRP-BTC", "corr": -0.04106486452503739}
{"timestamp": "2025-08-31T17:31:48.212426+00:00", "type": "correlation", "pair": "XRP-BTC", "corr": -0.04106486452503739}
{"timestamp": "2025-08-31T17:31:49.217494+00:00", "type": "correlation", "pair": "SOL-BTC", "corr": -0.1597883613584467}
{"timestamp": "2025-08-31T17:31:49.217523+00:00", "type": "correlation", "pair": "SOL-XRP", "corr": -0.08683316785842017}
{"timestamp": "2025-08-31T17:31:49.217532+00:00", "type": "correlation", "pair": "SOL-XRP", "corr": -0.08683316785842017}
{"timestamp": "2025-08-31T17:31:50.224353+00:00", "type": "correlation", "pair": "SOL-BTC", "corr": -0.1597883613584467}
{"timestamp": "2025-08-31T17:31:50.224383+00:00", "type": "correlation", "pair": "SOL-XRP", "corr": -0.08683316785842017}
{"timestamp": "2025-08-31T17:31:50.224391+00:00", "type": "correlation", "pair": "SOL-XRP", "corr": -0.08683316785842017}
{"timestamp": "2025-08-31T17:40:46.056154+00:00", "type": "correlation", "pair": "SOL-BTC", "corr": 0.33308869255185375}
{"timestamp": "2025-08-31T17:40:46.056179+00:00", "type": "correlation", "pair": "SOL-BTC", "corr": 0.33308869255185375}
{"timestamp": "2025-08-31T17:40:47.058387+00:00", "type": "correlation", "pair": "SOL-BTC", "corr": 0.33308869255185375}
{"timestamp": "2025-08-31T17:40:47.058425+00:00", "type": "correlation", "pair": "SOL-BTC", "corr": 0.33308869255185375}
{"timestamp": "2025-08-31T17:44:49.738108+00:00", "type": "correlation", "pair": "XRP-BTC", "corr": -0.04385987238039349}
{"timestamp": "2025-08-31T17:44:50.746298+00:00", "type": "correlation", "pair": "LINK-BTC", "corr": -0.30742949170124123}
{"timestamp": "2025-08-31T17:44:50.746355+00:00", "type": "correlation", "pair": "LINK-XRP", "corr": -0.02087821941308718}
{"timestamp": "2025-08-31T17:44:51.754811+00:00", "type": "correlation", "pair": "SOL-BTC", "corr": 0.45972467360172065}
{"timestamp": "2025-08-31T17:44:51.754849+00:00", "type": "correlation", "pair": "SOL-XRP", "corr": 0.2024393693176583}
{"timestamp": "2025-08-31T17:44:51.754859+00:00", "type": "correlation", "pair": "SOL-LINK", "corr": -0.06153656501639006}
{"timestamp": "2025-08-31T17:49:20.598285+00:00", "type": "correlation", "pair": "XRP-BTC", "corr": -0.006694204011589352}
{"timestamp": "2025-08-31T17:49:21.602768+00:00", "type": "correlation", "pair": "LINK-BTC", "corr": -0.16509496320295236}
{"timestamp": "2025-08-31T17:49:21.602807+00:00", "type": "correlation", "pair": "LINK-XRP", "corr": -0.07507251214382102}
{"timestamp": "2025-08-31T17:49:22.609299+00:00", "type": "correlation", "pair": "SOL-BTC", "corr": 0.08428485151986281}
{"timestamp": "2025-08-31T17:49:22.609345+00:00", "type": "correlation", "pair": "SOL-XRP", "corr": 0.05055859757890354}
{"timestamp": "2025-08-31T17:49:22.609356+00:00", "type": "correlation", "pair": "SOL-LINK", "corr": 0.06335335154845294}
